<?xml version="1.0" encoding="UTF-8"?>
<testng-results ignored="0" total="1" passed="1" failed="0" skipped="0">
  <reporter-output>
  </reporter-output>
  <suite started-at="2021-01-07T17:03:59 ART" name="Default suite" finished-at="2021-01-07T17:04:02 ART" duration-ms="3140">
    <groups>
    </groups>
    <test started-at="2021-01-07T17:03:59 ART" name="Default test" finished-at="2021-01-07T17:04:02 ART" duration-ms="3140">
      <class name="com.solvd.projectTestApi.api.albums.AlbumsAPITest">
        <test-method signature="createAlbum()[pri:0, instance:com.solvd.projectTestApi.api.albums.AlbumsAPITest@58b5a2f3]" started-at="2021-01-07T17:03:59 ART" name="createAlbum" finished-at="2021-01-07T17:04:02 ART" duration-ms="3079" status="PASS">
          <reporter-output>
          </reporter-output>
        </test-method> <!-- createAlbum -->
      </class> <!-- com.solvd.projectTestApi.api.albums.AlbumsAPITest -->
    </test> <!-- Default test -->
  </suite> <!-- Default suite -->
</testng-results>
